<?xml version="1.0" encoding="UTF-8"?>
<!-- Generated by org.testng.reporters.JUnitXMLReporter -->
<testsuite ignored="0" hostname="LAPTOP-J2FGH8MG" failures="1" tests="2" name="Test" time="32.062" errors="0" timestamp="2023-01-07T08:17:04 IST">
  <testcase classname="ai.ds.testLayer.LoginPageTest" name="verifyLoginPage" time="0.023"/>
  <testcase classname="ai.ds.testLayer.VerifyByFunctionality" name="ByFuctionality" time="11.259">
    <failure type="junit.framework.ComparisonFailure" message="expected:&amp;lt;...r Created successful[ly]&amp;gt; but was:&amp;lt;...r Created successful[]&amp;gt;">
      <![CDATA[junit.framework.ComparisonFailure: expected:<...r Created successful[ly]> but was:<...r Created successful[]>
at junit.framework.Assert.assertEquals(Assert.java:100)
at junit.framework.Assert.assertEquals(Assert.java:107)
at ai.ds.testLayer.VerifyByFunctionality.ByFuctionality(VerifyByFunctionality.java:40)
at java.base/java.util.ArrayList.forEach(ArrayList.java:1511)
... Removed 25 stack frames]]>
    </failure>
  </testcase> <!-- ByFuctionality -->
</testsuite> <!-- Test -->
