<?xml version="1.0" encoding="UTF-8"?>
<testng-results ignored="0" total="1" passed="1" failed="0" skipped="0">
  <reporter-output>
  </reporter-output>
  <suite started-at="2023-01-07T09:46:44 IST" name="Default suite" finished-at="2023-01-07T09:46:57 IST" duration-ms="12666">
    <groups>
    </groups>
    <test started-at="2023-01-07T09:46:44 IST" name="Default test" finished-at="2023-01-07T09:46:57 IST" duration-ms="12666">
      <class name="ai.ds.testLayer.LoginPageTest">
        <test-method is-config="true" signature="start()[pri:0, instance:ai.ds.testLayer.LoginPageTest@4466af20]" started-at="2023-01-07T09:46:44 IST" name="start" finished-at="2023-01-07T09:46:44 IST" duration-ms="56" status="PASS">
          <reporter-output>
          </reporter-output>
        </test-method> <!-- start -->
        <test-method is-config="true" signature="setup()[pri:0, instance:ai.ds.testLayer.LoginPageTest@4466af20]" started-at="2023-01-07T09:46:44 IST" name="setup" finished-at="2023-01-07T09:46:56 IST" duration-ms="12244" status="PASS">
          <reporter-output>
          </reporter-output>
        </test-method> <!-- setup -->
        <test-method signature="verifyLoginPage()[pri:0, instance:ai.ds.testLayer.LoginPageTest@4466af20]" started-at="2023-01-07T09:46:56 IST" name="verifyLoginPage" finished-at="2023-01-07T09:46:56 IST" duration-ms="26" status="PASS">
          <reporter-output>
          </reporter-output>
        </test-method> <!-- verifyLoginPage -->
        <test-method is-config="true" signature="tearDown()[pri:0, instance:ai.ds.testLayer.LoginPageTest@4466af20]" started-at="2023-01-07T09:46:56 IST" name="tearDown" finished-at="2023-01-07T09:46:57 IST" duration-ms="280" status="PASS">
          <reporter-output>
          </reporter-output>
        </test-method> <!-- tearDown -->
        <test-method is-config="true" signature="end()[pri:0, instance:ai.ds.testLayer.LoginPageTest@4466af20]" started-at="2023-01-07T09:46:57 IST" name="end" finished-at="2023-01-07T09:46:57 IST" duration-ms="0" status="PASS">
          <reporter-output>
          </reporter-output>
        </test-method> <!-- end -->
      </class> <!-- ai.ds.testLayer.LoginPageTest -->
    </test> <!-- Default test -->
  </suite> <!-- Default suite -->
</testng-results>
